[debug] [2022-01-24T21:31:33.412Z] ----------------------------------------------------------------------
[debug] [2022-01-24T21:31:33.418Z] Command:       C:\Program Files\nodejs\node.exe C:\Users\elter\AppData\Roaming\npm\node_modules\firebase-tools\lib\bin\firebase.js deploy
[debug] [2022-01-24T21:31:33.420Z] CLI Version:   10.1.2
[debug] [2022-01-24T21:31:33.420Z] Platform:      win32
[debug] [2022-01-24T21:31:33.420Z] Node Version:  v16.13.0
[debug] [2022-01-24T21:31:33.422Z] Time:          Mon Jan 24 2022 16:31:33 GMT-0500 (Eastern Standard Time)
[debug] [2022-01-24T21:31:33.422Z] ----------------------------------------------------------------------
[debug] 
[debug] [2022-01-24T21:31:33.574Z] > command requires scopes: ["email","openid","https://www.googleapis.com/auth/cloudplatformprojects.readonly","https://www.googleapis.com/auth/firebase","https://www.googleapis.com/auth/cloud-platform"]
[debug] [2022-01-24T21:31:33.576Z] > authorizing via signed-in user (elterman@gmail.com)
[debug] [2022-01-24T21:31:33.576Z] [iam] checking project watch-your-crypto for permissions ["firebase.projects.get","firebasedatabase.instances.update","firebasehosting.sites.update"]
[debug] [2022-01-24T21:31:33.581Z] > refreshing access token with scopes: ["email","https://www.googleapis.com/auth/cloud-platform","https://www.googleapis.com/auth/cloudplatformprojects.readonly","https://www.googleapis.com/auth/firebase","openid"]
[debug] [2022-01-24T21:31:33.582Z] >>> HTTP REQUEST POST https://www.googleapis.com/oauth2/v3/token  
 <request body omitted>
[debug] [2022-01-24T21:31:33.751Z] <<< HTTP RESPONSE 200 {"date":"Mon, 24 Jan 2022 21:31:32 GMT","cache-control":"no-cache, no-store, max-age=0, must-revalidate","expires":"Mon, 01 Jan 1990 00:00:00 GMT","pragma":"no-cache","content-type":"application/json; charset=utf-8","vary":"X-Origin, Referer, Origin,Accept-Encoding","server":"scaffolding on HTTPServer2","x-xss-protection":"0","x-frame-options":"SAMEORIGIN","x-content-type-options":"nosniff","alt-svc":"h3=\":443\"; ma=2592000,h3-29=\":443\"; ma=2592000,h3-Q050=\":443\"; ma=2592000,h3-Q046=\":443\"; ma=2592000,h3-Q043=\":443\"; ma=2592000,quic=\":443\"; ma=2592000; v=\"46,43\"","accept-ranges":"none","transfer-encoding":"chunked"}
[debug] [2022-01-24T21:31:33.766Z] >>> HTTP REQUEST POST https://cloudresourcemanager.googleapis.com/v1/projects/watch-your-crypto:testIamPermissions  
 {"permissions":["firebase.projects.get","firebasedatabase.instances.update","firebasehosting.sites.update"]}
[debug] [2022-01-24T21:31:33.966Z] <<< HTTP RESPONSE 200 {"content-type":"application/json; charset=UTF-8","vary":"X-Origin, Referer, Origin,Accept-Encoding","date":"Mon, 24 Jan 2022 21:31:32 GMT","server":"ESF","cache-control":"private","x-xss-protection":"0","x-frame-options":"SAMEORIGIN","x-content-type-options":"nosniff","server-timing":"gfet4t7; dur=126","alt-svc":"h3=\":443\"; ma=2592000,h3-29=\":443\"; ma=2592000,h3-Q050=\":443\"; ma=2592000,h3-Q046=\":443\"; ma=2592000,h3-Q043=\":443\"; ma=2592000,quic=\":443\"; ma=2592000; v=\"46,43\"","accept-ranges":"none","transfer-encoding":"chunked"}
[debug] [2022-01-24T21:31:33.969Z] > refreshing access token with scopes: []
[debug] [2022-01-24T21:31:33.969Z] >>> HTTP REQUEST POST https://www.googleapis.com/oauth2/v3/token  
 <request body omitted>
[debug] [2022-01-24T21:31:34.059Z] <<< HTTP RESPONSE 200 {"pragma":"no-cache","expires":"Mon, 01 Jan 1990 00:00:00 GMT","cache-control":"no-cache, no-store, max-age=0, must-revalidate","date":"Mon, 24 Jan 2022 21:31:33 GMT","content-type":"application/json; charset=utf-8","vary":"X-Origin, Referer, Origin,Accept-Encoding","server":"scaffolding on HTTPServer2","x-xss-protection":"0","x-frame-options":"SAMEORIGIN","x-content-type-options":"nosniff","alt-svc":"h3=\":443\"; ma=2592000,h3-29=\":443\"; ma=2592000,h3-Q050=\":443\"; ma=2592000,h3-Q046=\":443\"; ma=2592000,h3-Q043=\":443\"; ma=2592000,quic=\":443\"; ma=2592000; v=\"46,43\"","accept-ranges":"none","transfer-encoding":"chunked"}
[debug] [2022-01-24T21:31:34.069Z] >>> [apiv2][query] GET https://firebase.googleapis.com/v1beta1/projects/watch-your-crypto [none]
[debug] [2022-01-24T21:31:34.275Z] <<< [apiv2][status] GET https://firebase.googleapis.com/v1beta1/projects/watch-your-crypto 200
[debug] [2022-01-24T21:31:34.275Z] <<< [apiv2][body] GET https://firebase.googleapis.com/v1beta1/projects/watch-your-crypto {"projectId":"watch-your-crypto","projectNumber":"481734834184","displayName":"Watch Your Crypto","name":"projects/watch-your-crypto","resources":{"hostingSite":"watch-your-crypto","realtimeDatabaseInstance":"watch-your-crypto-default-rtdb"},"state":"ACTIVE"}
[debug] [2022-01-24T21:31:34.275Z] >>> [apiv2][query] GET https://firebase.googleapis.com/v1beta1/projects/watch-your-crypto [none]
[debug] [2022-01-24T21:31:34.438Z] <<< [apiv2][status] GET https://firebase.googleapis.com/v1beta1/projects/watch-your-crypto 200
[debug] [2022-01-24T21:31:34.438Z] <<< [apiv2][body] GET https://firebase.googleapis.com/v1beta1/projects/watch-your-crypto {"projectId":"watch-your-crypto","projectNumber":"481734834184","displayName":"Watch Your Crypto","name":"projects/watch-your-crypto","resources":{"hostingSite":"watch-your-crypto","realtimeDatabaseInstance":"watch-your-crypto-default-rtdb"},"state":"ACTIVE"}
[info] 
[info] === Deploying to 'watch-your-crypto'...
[info] 
[info] i  deploying database, hosting 
[info] i  database: checking rules syntax... 
[debug] [2022-01-24T21:31:34.443Z] > refreshing access token with scopes: ["email","https://www.googleapis.com/auth/cloud-platform","https://www.googleapis.com/auth/cloudplatformprojects.readonly","https://www.googleapis.com/auth/firebase","openid"]
[debug] [2022-01-24T21:31:34.443Z] >>> HTTP REQUEST POST https://www.googleapis.com/oauth2/v3/token  
 <request body omitted>
[debug] [2022-01-24T21:31:34.556Z] <<< HTTP RESPONSE 200 {"expires":"Mon, 01 Jan 1990 00:00:00 GMT","pragma":"no-cache","date":"Mon, 24 Jan 2022 21:31:33 GMT","cache-control":"no-cache, no-store, max-age=0, must-revalidate","content-type":"application/json; charset=utf-8","vary":"X-Origin, Referer, Origin,Accept-Encoding","server":"scaffolding on HTTPServer2","x-xss-protection":"0","x-frame-options":"SAMEORIGIN","x-content-type-options":"nosniff","alt-svc":"h3=\":443\"; ma=2592000,h3-29=\":443\"; ma=2592000,h3-Q050=\":443\"; ma=2592000,h3-Q046=\":443\"; ma=2592000,h3-Q043=\":443\"; ma=2592000,quic=\":443\"; ma=2592000; v=\"46,43\"","accept-ranges":"none","transfer-encoding":"chunked"}
[debug] [2022-01-24T21:31:34.572Z] >>> HTTP REQUEST GET https://firebasedatabase.googleapis.com/v1beta/projects/watch-your-crypto/locations/-/instances/watch-your-crypto-default-rtdb  
 
